Watching for file changes with StatReloader
D:\project\django\studentclub\mainpage\forms.py changed, reloading.
Watching for file changes with StatReloader
D:\project\django\studentclub\mainpage\views.py changed, reloading.
Watching for file changes with StatReloader
D:\project\django\studentclub\studentclub\urls.py changed, reloading.
Watching for file changes with StatReloader
[26/Apr/2026 12:37:20] "GET /login/ HTTP/1.1" 200 9377
[26/Apr/2026 12:37:21,258] - Broken pipe from ('127.0.0.1', 55409)
[26/Apr/2026 12:39:43] "GET / HTTP/1.1" 302 0
[26/Apr/2026 12:39:44] "GET /login/?next=/ HTTP/1.1" 200 9377
[26/Apr/2026 12:39:49] "POST /login/?next=/ HTTP/1.1" 200 9547
[26/Apr/2026 12:39:54] "GET /signup/ HTTP/1.1" 200 10902
[26/D:\project\django\studentclub\mainpage\models.py changed, reloading.
Watching for file changes with StatReloader
Exception in thread django-main-thread:
Traceback (most recent call last):
  File "C:\Users\rakes\AppData\Local\Python\pythoncore-3.14-64\Lib\site-packages\django\core\checks\urls.py", line 136, in check_custom_error_handlers
    handler = resolver.resolve_error_handler(status_code)
  File "C:\Users\rakes\AppData\Local\Python\pythoncore-3.14-64\Lib\site-packages\django\urls\resolvers.py", line 743, in resolve_error_handler
    callback = getattr(self.urlconf_module, "handler%s" % view_type, None)
                       ^^^^^^^^^^^^^^^^^^^
  File "C:\Users\rakes\AppData\Local\Python\pythoncore-3.14-64\Lib\site-packages\django\utils\functional.py", line 47, in __get__
    res = instance.__dict__[self.name] = self.func(instance)
                                         ~~~~~~~~~^^^^^^^^^^
  File "C:\Users\rakes\AppData\Local\Python\pythoncore-3.14-64\Lib\site-packages\django\urls\resolvers.py", line 722, in urlconf_module
    return import_module(self.urlconf_name)
  File "C:\Users\rakes\AppData\Local\Python\pythoncore-3.14-64\Lib\importlib\__init__.py", line 88, in import_module
    return _bootstrap._gcd_import(name[level:], package, level)
           ~~~~~~~~~~~~~~~~~~~~~~^^^^^^^^^^^^^^^^^^^^^^^^^^^^^^
  File "<frozen importlib._bootstrap>", line 1406, in _gcd_import
  File "<frozen importlib._bootstrap>", line 1371, in _find_and_load
  File "<frozen importlib._bootstrap>", line 1342, in _find_and_load_unlocked
  File "<frozen importlib._bootstrap>", line 938, in _load_unlocked
  File "<frozen importlib._bootstrap_external>", line 759, in exec_module
  File "<frozen importlib._bootstrap>", line 491, in _call_with_frames_removed
  File "D:\project\django\studentclub\studentclub\urls.py", line 19, in <module>
    from mainpage.views import (
    ...<5 lines>...
    )
  File "D:\project\django\studentclub\mainpage\views.py", line 4, in <module>
    from .forms import AccountLoginForm, AccountRegistrationForm, StudentForm
ModuleNotFoundError: No module named 'mainpage.forms'

During handling of the above exception, another exception occurred:

Traceback (most recent call last):
  File "C:\Users\rakes\AppData\Local\Python\pythoncore-3.14-64\Lib\threading.py", line 1082, in _bootstrap_inner
    self._context.run(self.run)
    ~~~~~~~~~~~~~~~~~^^^^^^^^^^
  File "C:\Users\rakes\AppData\Local\Python\pythoncore-3.14-64\Lib\threading.py", line 1024, in run
    self._target(*self._args, **self._kwargs)
    ~~~~~~~~~~~~^^^^^^^^^^^^^^^^^^^^^^^^^^^^^
  File "C:\Users\rakes\AppData\Local\Python\pythoncore-3.14-64\Lib\site-packages\django\utils\autoreload.py", line 64, in wrapper
    fn(*args, **kwargs)
    ~~^^^^^^^^^^^^^^^^^
  File "C:\Users\rakes\AppData\Local\Python\pythoncore-3.14-64\Lib\site-packages\django\core\management\commands\runserver.py", line 134, in inner_run
    self.check(**check_kwargs)
    ~~~~~~~~~~^^^^^^^^^^^^^^^^
  File "C:\Users\rakes\AppData\Local\Python\pythoncore-3.14-64\Lib\site-packages\django\core\management\base.py", line 496, in check
    all_issues = checks.run_checks(
        app_configs=app_configs,
    ...<2 lines>...
        databases=databases,
    )
  File "C:\Users\rakes\AppData\Local\Python\pythoncore-3.14-64\Lib\site-packages\django\core\checks\registry.py", line 89, in run_checks
    new_errors = check(app_configs=app_configs, databases=databases)
  File "C:\Users\rakes\AppData\Local\Python\pythoncore-3.14-64\Lib\site-packages\django\core\checks\urls.py", line 138, in check_custom_error_handlers
    path = getattr(resolver.urlconf_module, "handler%s" % status_code)
                   ^^^^^^^^^^^^^^^^^^^^^^^
  File "C:\Users\rakes\AppData\Local\Python\pythoncore-3.14-64\Lib\site-packages\django\utils\functional.py", line 47, in __get__
    res = instance.__dict__[self.name] = self.func(instance)
                                         ~~~~~~~~~^^^^^^^^^^
  File "C:\Users\rakes\AppData\Local\Python\pythoncore-3.14-64\Lib\site-packages\django\urls\resolvers.py", line 722, in urlconf_module
    return import_module(self.urlconf_name)
  File "C:\Users\rakes\AppData\Local\Python\pythoncore-3.14-64\Lib\importlib\__init__.py", line 88, in import_module
    return _bootstrap._gcd_import(name[level:], package, level)
           ~~~~~~~~~~~~~~~~~~~~~~^^^^^^^^^^^^^^^^^^^^^^^^^^^^^^
  File "<frozen importlib._bootstrap>", line 1406, in _gcd_import
  File "<frozen importlib._bootstrap>", line 1371, in _find_and_load
  File "<frozen importlib._bootstrap>", line 1342, in _find_and_load_unlocked
  File "<frozen importlib._bootstrap>", line 938, in _load_unlocked
  File "<frozen importlib._bootstrap_external>", line 759, in exec_module
  File "<frozen importlib._bootstrap>", line 491, in _call_with_frames_removed
  File "D:\project\django\studentclub\studentclub\urls.py", line 19, in <module>
    from mainpage.views import (
    ...<5 lines>...
    )
  File "D:\project\django\studentclub\mainpage\views.py", line 4, in <module>
    from .forms import AccountLoginForm, AccountRegistrationForm, StudentForm
ModuleNotFoundError: No module named 'mainpage.forms'
D:\project\django\studentclub\mainpage\views.py chanD:\project\djangoWatching for file changes with StatReloader
ExceptiWatching for file changes with StatReloader
Exception in thread django-main-thread:
Traceback (most recent call last):
  File "C:\Users\rakes\AppData\Local\Python\pythoncore-3.14-64\Lib\site-packages\django\core\checks\urls.py", line 136, in check_custom_error_handlers
    handler = resolver.resolve_error_handler(status_code)
  File "C:\Users\rakes\AppData\Local\Python\pythoncore-3.14-64\Lib\site-packages\django\urls\resolvers.py", line 743, in resolve_error_handler
    callback = getattr(self.urlconf_module, "handler%s" % view_type, None)
                       ^^^^^^^^^^^^^^^^^^^
  File "C:\Users\rakes\AppData\Local\Python\pythoncore-3.14-64\Lib\site-packages\django\utils\functional.py", line 47, in __get__
    res = instance.__dict__[self.name] = self.func(instance)
                                         ~~~~~~~~~^^^^^^^^^^
  File "C:\Users\rakes\AppData\Local\Python\pythoncore-3.14-64\Lib\site-packages\django\urls\resolvers.py", line 722, in urlconf_module
    return import_module(self.urlconf_name)
  File "C:\Users\rakes\AppData\Local\Python\pythoncore-3.14-64\Lib\importlib\__init__.py", line 88, in import_module
    return _bootstrap._gcd_import(name[level:], package, level)
           ~~~~~~~~~~~~~~~~~~~~~~^^^^^^^^^^^^^^^^^^^^^^^^^^^^^^
  File "<frozen importlib._bootstrap>", line 1406, in _gcd_import
  File "<frozen importlib._bootstrap>", line 1371, in _find_and_load
  File "<frozen importlib._bootstrap>", line 1342, in _find_and_load_unlocked
  File "<frozen importlib._bootstrap>", line 938, in _load_unlocked
  File "<frozen importlib._bootstrap_external>", line 759, in exec_module
  File "<frozen importlib._bootstrap>", line 491, in _call_with_frames_removed
  File "D:\project\django\studentclub\studentclub\urls.py", line 19, in <module>
    from mainpage.views import (
    ...<5 lines>...
    )
ImportError: cannot import name 'account_login' from 'mainpage.views' (D:\project\django\studentclub\mainpage\views.py)

During handling of the above exception, another exception occurred:

Traceback (most recent call last):
  File "C:\Users\rakes\AppData\Local\Python\pythoncore-3.14-64\Lib\threading.py", line 1082, in _bootstrap_inner
    self._context.run(self.run)
    ~~~~~~~~~~~~~~~~~^^^^^^^^^^
  File "C:\Users\rakes\AppData\Local\Python\pythoncore-3.14-64\Lib\threading.py", line 1024, in run
    self._target(*self._args, **self._kwargs)
    ~~~~~~~~~~~~^^^^^^^^^^^^^^^^^^^^^^^^^^^^^
  File "C:\Users\rakes\AppData\Local\Python\pythoncore-3.14-64\Lib\site-packages\django\utils\autoreload.py", line 64, in wrapper
    fn(*args, **kwargs)
    ~~^^^^^^^^^^^^^^^^^
  File "C:\Users\rakes\AppData\Local\Python\pythoncore-3.14-64\Lib\site-packages\django\core\management\commands\runserver.py", line 134, in inner_run
    self.check(**check_kwargs)
    ~~~~~~~~~~^^^^^^^^^^^^^^^^
  File "C:\Users\rakes\AppData\Local\Python\pythoncore-3.14-64\Lib\site-packages\django\core\management\base.py", line 496, in check
    all_issues = checks.run_checks(
        app_configs=app_configs,
    ...<2 lines>...
        databases=databases,
    )
  File "C:\Users\rakes\AppData\Local\Python\pythoncore-3.14-64\Lib\site-packages\django\core\checks\registry.py", line 89, in run_checks
    new_errors = check(app_configs=app_configs, databases=databases)
  File "C:\Users\rakes\AppData\Local\Python\pythoncore-3.14-64\Lib\site-packages\django\core\checks\urls.py", line 138, in check_custom_error_handlers
    path = getattr(resolver.urlconf_module, "handler%s" % status_code)
                   ^^^^^^^^^^^^^^^^^^^^^^^
  File "C:\Users\rakes\AppData\Local\Python\pythoncore-3.14-64\Lib\site-packages\django\utils\functional.py", line 47, in __get__
    res = instance.__dict__[self.name] = self.func(instance)
                                         ~~~~~~~~~^^^^^^^^^^
  File "C:\Users\rakes\AppData\Local\Python\pythoncore-3.14-64\Lib\site-packages\django\urls\resolvers.py", line 722, in urlconf_module
    return import_module(self.urlconf_name)
  File "C:\Users\rakes\AppData\Local\Python\pythoncore-3.14-64\Lib\importlib\__init__.py", line 88, in import_module
    return _bootstrap._gcd_import(name[level:], package, level)
           ~~~~~~~~~~~~~~~~~~~~~~^^^^^^^^^^^^^^^^^^^^^^^^^^^^^^
  File "<frozen importlib._bootstrap>", line 1406, in _gcd_import
  File "<frozen importlib._bootstrap>", line 1371, in _find_and_load
  File "<frozen importlib._bootstrap>", line 1342, in _find_and_load_unlocked
  File "<frozen importlib._bootstrap>", line 938, in _load_unlocked
  File "<frozen importlib._bootstrap_external>", line 759, in exec_module
  File "<frozen importlib._bootstrap>", line 491, in _call_with_frames_removed
  File "D:\project\django\studentclub\studentclub\urls.py", line 19, in <module>
    from mainpage.views import (
    ...<5 lines>...
    )
ImportError: cannot import name 'account_login' from 'mainpage.views'D:\project\django\studentclub\studentclub\urls.py chD:\project\django\sWatching for file changes with StatReloader
[26/Apr/2026 12:57:03] "GET /admin-login/ HTTP/1.1" D:\project\django\studentclub\mainpage\models.py changed, reloading.
Watching for file changes with StatReloader
D:\project\django\studentclub\mainpage\views.py changed, reloading.
Watching for file changes with StatReloader
Exception in thread django-main-thread:
Traceback (most recent call last):
  File "C:\Users\rakes\AppData\Local\Python\pythoncore-3.14-64\Lib\site-packages\django\core\checks\urls.py", line 136, in check_custom_error_handlers
    handler = resolver.resolve_error_handler(status_code)
  File "C:\Users\rakes\AppData\Local\Python\pythoncore-3.14-64\Lib\site-packages\django\urls\resolvers.py", line 743, in resolve_error_handler
    callback = getattr(self.urlconf_module, "handler%s" % view_type, None)
                       ^^^^^^^^^^^^^^^^^^^
  File "C:\Users\rakes\AppData\Local\Python\pythoncore-3.14-64\Lib\site-packages\django\utils\functional.py", line 47, in __get__
    res = instance.__dict__[self.name] = self.func(instance)
                                         ~~~~~~~~~^^^^^^^^^^
  File "C:\Users\rakes\AppData\Local\Python\pythoncore-3.14-64\Lib\site-packages\django\urls\resolvers.py", line 722, in urlconf_module
    return import_module(self.urlconf_name)
  File "C:\Users\rakes\AppData\Local\Python\pythoncore-3.14-64\Lib\importlib\__init__.py", line 88, in import_module
    return _bootstrap._gcd_import(name[level:], package, level)
           ~~~~~~~~~~~~~~~~~~~~~~^^^^^^^^^^^^^^^^^^^^^^^^^^^^^^
  File "<frozen importlib._bootstrap>", line 1406, in _gcd_import
  File "<frozen importlib._bootstrap>", line 1371, in _find_and_load
  File "<frozen importlib._bootstrap>", line 1342, in _find_and_load_unlocked
  File "<frozen importlib._bootstrap>", line 938, in _load_unlocked
  File "<frozen importlib._bootstrap_external>", line 759, in exec_module
  File "<frozen importlib._bootstrap>", line 491, in _call_with_frames_removed
  File "D:\project\django\studentclub\studentclub\urls.py", line 19, in <module>
    from mainpage.views import (
    ...<7 lines>...
    )
ImportError: cannot import name 'student_register' from 'mainpage.views' (D:\project\django\studentclub\mainpage\views.py)

During handling of the above exception, another exception occurred:

Traceback (most recent call last):
  File "C:\Users\rakes\AppData\Local\Python\pythoncore-3.14-64\Lib\threading.py", line 1082, in _bootstrap_inner
    self._context.run(self.run)
    ~~~~~~~~~~~~~~~~~^^^^^^^^^^
  File "C:\Users\rakes\AppData\Local\Python\pythoncore-3.14-64\Lib\threading.py", line 1024, in run
    self._target(*self._args, **self._kwargs)
    ~~~~~~~~~~~~^^^^^^^^^^^^^^^^^^^^^^^^^^^^^
  File "C:\Users\rakes\AppData\Local\Python\pythoncore-3.14-64\Lib\site-packages\django\utils\autoreload.py", line 64, in wrapper
    fn(*args, **kwargs)
    ~~^^^^^^^^^^^^^^^^^
  File "C:\Users\rakes\AppData\Local\Python\pythoncore-3.14-64\Lib\site-packages\django\core\management\commands\runserver.py", line 134, in inner_run
    self.check(**check_kwargs)
    ~~~~~~~~~~^^^^^^^^^^^^^^^^
  File "C:\Users\rakes\AppData\Local\Python\pythoncore-3.14-64\Lib\site-packages\django\core\management\base.py", line 496, in check
    all_issues = checks.run_checks(
        app_configs=app_configs,
    ...<2 lines>...
        databases=databases,
    )
  File "C:\Users\rakes\AppData\Local\Python\pythoncore-3.14-64\Lib\site-packages\django\core\checks\registry.py", line 89, in run_checks
    new_errors = check(app_configs=app_configs, databases=databases)
  File "C:\Users\rakes\AppData\Local\Python\pythoncore-3.14-64\Lib\site-packages\django\core\checks\urls.py", line 138, in check_custom_error_handlers
    path = getattr(resolver.urlconf_module, "handler%s" % status_code)
                   ^^^^^^^^^^^^^^^^^^^^^^^
  File "C:\Users\rakes\AppData\Local\Python\pythoncore-3.14-64\Lib\site-packages\django\utils\functional.py", line 47, in __get__
    res = instance.__dict__[self.name] = self.func(instance)
                                         ~~~~~~~~~^^^^^^^^^^
  File "C:\Users\rakes\AppData\Local\Python\pythoncore-3.14-64\Lib\site-packages\django\urls\resolvers.py", line 722, in urlconf_module
    return import_module(self.urlconf_name)
  File "C:\Users\rakes\AppData\Local\Python\pythoncore-3.14-64\Lib\importlib\__init__.py", line 88, in import_module
    return _bootstrap._gcd_import(name[level:], package, level)
           ~~~~~~~~~~~~~~~~~~~~~~^^^^^^^^^^^^^^^^^^^^^^^^^^^^^^
  File "<frozen importlib._bootstrap>", line 1406, in _gcd_import
  File "<frozen importlib._bootstrap>", line 1371, in _find_and_load
  File "<frozen importlib._bootstrap>", line 1342, in _find_and_load_unlocked
  File "<frozen importlib._bootstrap>", line 938, in _load_unlocked
  File "<frozen importlib._bootstrap_external>", line 759, in exec_module
  File "<frozen importlib._bootstrap>", line 491, in _call_with_frames_removed
  File "D:\project\django\studentclub\studentclub\urls.py", line 19, in <module>
    from mainpage.views import (
    ...<7 lines>...
    )
ImportError: cannot import name 'student_register' from 'mainpage.views' (D:\project\django\studentclub\mainpage\views.py)
D:\project\django\studentclub\studentclub\urls.py changed, reloading.
Watching for file changes with StatReloader
D:\project\django\studentclub\mainpage\admin.py changed, reloading.
Watching for file changes with StatReloader
[26/Apr/2026 13:09:20] "GET / HTTP/1.1" 200 10473
[26/Apr/2026 13:09:26] "GET /student-login/ HTTP/1.1" 200 10472
[26/Apr/2026 13:09:27] "GET /student-signup/ HTTP/1.1" 200 11948
[26/Apr/2026 13:09:29] "GET /student-login/ HTTP/1.1" 200 10472
[26/Apr/2026 13:09:31] "GET /student-signup/ HTTP/1.1" 200 11948
[26/Apr/2026 13:09:36] "GET /admin-login/ HTTP/1.1" 200 10473
[26/Apr/2026 13:41:51] "GET /admin-login/ HTTP/1.1" 200 10473
[26/Apr/2026 13:41:52] "GET /student-signup/ HTTP/1.1" 200 11948
[26/Apr/2026 13:41:53] "GET /student-login/ HTTP/1.1" 200 10472
[26/Apr/2026 13:42:03] "GET /student-signup/ HTTP/1.1" 200 11948
[26/Apr/2026 13:42:40] "POST /student-signup/ HTTP/1.1" 302 0
Internal Server Error: /student-home/
Traceback (most recent call last):
  File "C:\Users\rakes\AppData\Local\Python\pythoncore-3.14-64\Lib\site-packages\django\db\backends\utils.py", line 105, in _execute
    return self.cursor.executeD:\project\django\studentclub\mainpage\models.py changed, reloading.
Watching for file changes with StatReloader
D:\project\django\studentclub\mainpage\models.py changed, reloading.
Watching for file changes with StatReloader
D:\project\django\studentclub\mainpage\forms.py changed, reloading.
Watching for file changes with StatReloader
D:\project\django\studentclub\mainpage\forms.py changed, reloading.
Watching for file changes with StatReloader
D:\project\django\studentclub\mainpage\views.py changed, reloading.
Watching for file changes with StatReloader
D:\project\django\studentclub\mainpage\views.py changed, reloading.
Watching for file changes with StatReloader
D:\project\django\studentclub\mainpage\views.py changed, reloading.
Watching for file changes with StatReloader
D:\project\django\studentclub\studentclub\urls.py changed, reloading.
Watching for file changes with StatReloader
D:\project\django\studentclub\studentclub\urls.py changed, reloading.
Watching for file changes with StatReloader
D:\project\django\studentclub\mainpage\admin.py changed, reloading.
Watching for file changes with StatReloader
D:\project\django\studentclub\mainpage\views.py changed, reloading.
Watching for file changes with StatReloader
[26/Apr/2026 16:43:56] "GET /student-login/ HTTP/1.1" 200 10472
[26/Apr/2026 16:45:05] "GET / HTTP/1.1" 200 10473
[26/Apr/2026 16:45:27] "POST / HTTP/1.1" 200 10634
[26/Apr/2026 16:45:41] "POST / HTTP/1.1" 200 10634
[26/Apr/2026 16:48:27] "POST / HTTP/1.1" 200 10634
[26/Apr/2026 16:48:27] "GET /student-signup/ HTTP/1.1" 200 11948
[26/Apr/2026 16:48:28] "GET /student-login/ HTTP/1.1" 200 10472
[26/Apr/2026 16:48:29] "GET /student-signup/ HTTP/1.1" 200 11948
[26/Apr/2026 16:48:51] "POST /student-signup/ HTTP/1.1" 302 0
[26/Apr/2026 16:48:51] "GET /student-home/ HTTP/1.1" 200 13979
[26/Apr/2026 16:48:54] "GET /posts/new/ HTTP/1.1" 200 10525
[26/Apr/2026 16:48:59] "GET /posts/new/ HTTP/1.1" 200 10525
[26/Apr/2026 16:49:14] "POST /posts/new/ HTTP/1.1" 302 0
[26/Apr/2026 16:49:14] "GET /student-home/ HTTP/1.1" 200 17047
[26/Apr/2026 16:49:18] "POST /posts/2/like/ HTTP/1.1" 302 0
[26/Apr/2026 16:49:18] "GET /student-home/ HTTP/1.1" 200 17046
[26/Apr/2026 16:49:20] "POST /posts/2/like/ HTTP/1.1" 302 0
[26/Apr/2026 16:49:20] "GET /student-home/ HTTP/1.1" 200 17047
[26/Apr/2026 16:49:22] "POST /posts/2/share/ HTTP/1.1" 302 0
[26/Apr/2026 16:49:22] "GET /student-home/ HTTP/1.1" 200 17046
[26/Apr/2026 16:49:58] "GET /logout/ HTTP/1.1" 302 0
[26/Apr/2026 16:49:58] "GET /admin-login/ HTTP/1.1" 200 10473
[26/Apr/2026 16:50:00] "GET /admin-signup/ HTTP/1.1" 200 12298
[26/Apr/2026 16:50:02] "GET /student-signup/ HTTP/1.1" 200 11948
[26/Apr/2026 16:50:26] "POST /student-signup/ HTTP/1.1" 200 12197
[26/Apr/2026 16:50:36] "POST /student-signup/ HTTP/1.1" 302 0
[26/Apr/2026 16:50:36] "GET /student-home/ HTTP/1.1" 200 16949
[26/Apr/2026 16:50:44] "POST /posts/2/comment/ HTTP/1.1" 302 0
[26/Apr/2026 16:50:44] "GET /student-home/ HTTP/1.1" 200 18161
[26/Apr/2026 16:50:48] "POST /posts/2/share/ HTTP/1.1" 302 0
[26/Apr/2026 16:50:48] "GET /student-home/ HTTP/1.1" 200 18162
[26/Apr/2026 16:50:52] "POST /posts/2/like/ HTTP/1.1" 302 0
[26/Apr/2026 16:50:52] "GET /student-home/ HTTP/1.1" 200 18161
[26/Apr/2026 16:50:58] "GET /logout/ HTTP/1.1" 302 0
[26/Apr/2026 16:50:59] "GET /admin-login/ HTTP/1.1" 200 10473
[26/Apr/2026 16:51:03] "GET /admin-signup/ HTTP/1.1" 200 12298
[26/Apr/2026 16:51:21] "POST /admin-signup/ HTTP/1.1" 200 12665
[26/Apr/2026 16:51:47] "POST /admin-signup/ HTTP/1.1" 200 12648
[26/Apr/2026 16:51:56] "GET /admin-login/ HTTP/1.1" 200 10473
[26/Apr/2026 16:52:07] "POST /admin-login/ HTTP/1.1" 200 10634
[26/Apr/2026 16:52:18] "POST /admin-login/ HTTP/1.1" 302 0
[26/Apr/2026 16:52:18] "GET /dashboard/ HTTP/1.1" 200 11978
[26/Apr/2026 16:52:41] "GET /dashboard/ HTTP/1.1" 200 11978
[26/Apr/2026 16:52:44] "GET /logout/ HTTP/1.1" 302 0
[26/Apr/2026 16:52:44] "GET /admin-login/ HTTP/1.1" 200 10473
D:\project\django\studentclub\mainpage\models.py changed, reloading.
Watching for file changes with StatReloader
D:\project\django\studentclub\mainpage\admin.py changed, reloading.
Watching for file changes with StatReloader
D:\project\django\studentclub\mainpage\forms.py changed, reloading.
Watching for file changes with StatReloader
D:\project\django\studentclub\mainpage\forms.py changed, reloading.
Watching for file changes with StatReloader
D:\project\django\studentclub\mainpage\views.py changed, reloading.
Watching for file changes with StatReloader
D:\project\django\studentclub\mainpage\views.py changed, reloading.
Watching for file changes with StatReloader
D:\project\django\studentclub\studentclub\urls.py changed, reloading.
Watching for file changes with StatReloader
D:\project\django\studentclub\studentclub\urls.py changed, reloading.
Watching for file changes with StatReloader
D:\project\django\studentclub\mainpage\models.py changed, reloading.
Watching for file changes with StatReloader
r__
    results = compiler.execute_sql(
        chunked_fetch=self.chunked_fetch, chunk_size=self.chunk_size
    )
  File "C:\Users\rakes\AppData\Local\Python\pythoncore-3.14-64\Lib\site-packages\django\db\models\sql\compiler.py", line 1624, in execute_sql
    cursor.execute(sql, params)
    ~~~~~~~~~~~~~~^^^^^^^^^^^^^
  File "C:\Users\rakes\AppData\Local\Python\pythoncore-3.14-64\Lib\site-packages\django\db\backends\utils.py", line 122, in execute
    return super().execute(sql, params)
           ~~~~~~~~~~~~~~~^^^^^^^^^^^^^
  File "C:\Users\rakes\AppData\Local\Python\pythoncore-3.14-64\Lib\site-packages\django\db\backends\utils.py", line 79, in execute
    return self._execute_with_wrappers(
           ~~~~~~~~~~~~~~~~~~~~~~~~~~~^
        sql, params, many=False, executor=self._execute
        ^^^^^^^^^^^^^^^^^^^^^^^^^^^^^^^^^^^^^^^^^^^^^^^
    )
    ^
  File "C:\Users\rakes\AppData\Local\Python\pythoncore-3.14-64\Lib\site-packages\django\db\backends\utils.py", line 92, in _execute_with_wrappers
    return executor(sql, params, many, context)
  File "C:\Users\rakes\AppData\Local\Python\pythoncore-3.14-64\Lib\site-packages\django\db\backends\utils.py", line 100, in _execute
    with self.db.wrap_database_errors:
         ^^^^^^^^^^^^^^^^^^^^^^^^^^^^
  File "C:\Users\rakes\AppData\Local\Python\pythoncore-3.14-64\Lib\site-packages\django\db\utils.py", line 94, in __exit__
    raise dj_exc_value.with_traceback(traceback) from exc_value
  File "C:\Users\rakes\AppData\Local\Python\pythoncore-3.14-64\Lib\site-packages\django\db\backends\utils.py", line 105, in _execute
    return self.cursor.execute(sql, params)
           ~~~~~~~~~~~~~~~~~~~^^^^^^^^^^^^^
  File "C:\Users\rakes\AppData\Local\Python\pythoncore-3.14-64\Lib\site-packages\django\db\backends\sqlite3\base.py", line 359, in execute
    return super().execute(query, params)
           ~~~~~~~~~~~~~~~^^^^^^^^^^^^^^^
django.db.utils.OperationalError: no such table: mainpage_post
[26/Apr/2026 13:42:41] "GET /student-home/ HTTP/1.1" 500 207661
[26/Apr/2026 13:45:26] "GET /student-home/ HTTP/1.1" 200 10738
[26/Apr/2026 13:45:36] "GET /posts/new/ HTTP/1.1" 200 10525
[26/Apr/2026 13:45:48] "GET /student-home/ HTTP/1.1" 200 10738
[26/Apr/2026 13:45:52] "GET /logout/ HTTP/1.1" 302 0
[26/Apr/2026 13:45:52] "GET /admin-login/ HTTP/1.1" 200 10473
[26/Apr/2026 13:45:55] "GET /admin-login/ HTTP/1.1" 200 10473
[26/Apr/2026 13:46:02] "POST /admin-login/ HTTP/1.1" 200 10643
[26/Apr/2026 13:46:12] "POST /admin-login/ HTTP/1.1" 200 10634
[26/Apr/2026 13:46:28] "POST /admin-login/ HTTP/1.1" 200 10634
[26/Apr/2026 13:46:38] "POST /admin-login/ HTTP/1.1" 200 10634
[26/Apr/2026 13:46:43] "GET /admin-signup/ HTTP/1.1" 200 12298
[26/Apr/2026 13:46:58] "GET /admin-login/ HTTP/1.1" 200 10473
[26/Apr/2026 13:47:15] "POST /admin-login/ HTTP/1.1" 302 0
[26/Apr/2026 13:47:15] "GET /dashboard/ HTTP/1.1" 200 10997
[26/Apr/2026 13:50:02] "GET /dashboard/ HTTP/1.1" 200 10997
Forbidden (CSRF token from POST incorrect.): /admin-login/
[26/Apr/2026 15:42:46] "POST /admin-login/ HTTP/1.1" 403 2503
[26/Apr/2026 15:43:01] "GET / HTTP/1.1" 302 0
[26/Apr/2026 15:43:01] "GET /dashboard/ HTTP/1.1" 200 10997
[26/Apr/2026 15:43:06] "GET /logout/ HTTP/1.1" 302 0
[26/Apr/2026 15:43:06] "GET /admin-login/ HTTP/1.1" 200 10473
[26/Apr/2026 15:43:13] "POST /admin-login/ HTTP/1.1" 200 10634
[26/Apr/2026 15:43:27] "POST /admin-login/ HTTP/1.1" 302 0
[26/Apr/2026 15:43:27] "GET /dashboard/ HTTP/1.1" 200 10997
[26/Apr/2026 15:43:33] "POST /students/2/remove/ HTTP/1.1" 302 0
[26/Apr/2026 15:43:33] "GET /dashboard/ HTTP/1.1" 200 9920
Forbidden (CSRF token from POST incorrect.): /admin-login/
[26/Apr/2026 15:43:43] "POST /admin-login/ HTTP/1.1" 403 2503
[26/Apr/2026 15:43:45] "GET /admin-login/ HTTP/1.1" 302 0
[26/Apr/2026 15:43:48] "GET /logout/ HTTP/1.1" 302 0
[26/Apr/2026 15:43:48] "GET /admin-login/ HTTP/1.1" 200 10473
[26/Apr/2026 15:43:55] "GET /admin-login/ HTTP/1.1" 200 10473
[26/Apr/2026 15:43:57] "GET /student-signup/ HTTP/1.1" 200 11948
[26/Apr/2026 15:43:58] "GET /student-login/ HTTP/1.1" 200 10472
[26/Apr/2026 16:35:19] "GET /student-login/ HTTP/1.1" 200 10472
D:\project\django\studentclub\mainpage\models.py changed, reloading.
Watching for file changes with StatReloader
D:\project\django\studentclub\mainpage\models.py changed, reloading.
Watching for file changes with StatReloader
D:\project\django\studentclub\mainpage\forms.py changed, reloading.
Watching for file changes with StatReloader
D:\project\django\studentclub\mainpage\forms.py changed, reloading.
Watching for file changes with StatReloader
D:\project\django\studentclub\mainpage\views.py changed, reloading.
Watching for file changes with StatReloader
D:\project\django\studentclub\mainpage\views.py changed, reloading.
Watching for file changes with StatReloader
D:\project\django\studentclub\mainpage\views.py changed, reloading.
Watching for file changes with StatReloader
D:\project\django\studentclub\studentclub\urls.py changed, reloading.
Watching for file changes with StatReloader
D:\project\django\studentclub\studentclub\urls.py changed, reloading.
Watching for file changes with StatReloader
D:\project\django\studentclub\mainpage\admin.py changed, reloading.
Watching for file changes with StatReloader
D:\project\django\studentclub\mainpage\views.py changed, reloading.
Watching for file changes with StatReloader
D:\project\django\studentclub\mainpage\models.py changed, reloading.
Watching for file changes with StatReloader
D:\project\django\studentclub\mainpage\admin.py changed, reloading.
Watching for file changes with StatReloader
D:\project\django\studentclub\mainpage\forms.py changed, reloading.
Watching for file changes with StatReloader
D:\project\django\studentclub\mainpage\forms.py changed, reloading.
Watching for file changes with StatReloader
D:\project\django\studentclub\mainpage\views.py changed, reloading.
Watching for file changes with StatReloader
D:\project\django\studentclub\mainpage\views.py changed, reloading.
Watching for file changes with StatReloader
D:\project\django\studentclub\studentclub\urls.py changed, reloading.
Watching for file changes with StatReloader
D:\project\django\studentclub\studentclub\urls.py changed, reloading.
Watching for file changes with StatReloader
D:\project\django\studentclub\mainpage\models.py changed, reloading.
Watching for file changes with StatReloader
[26/Apr/2026 18:25:52] "GET / HTTP/1.1" 200 10473
[26/Apr/2026 18:26:06] "POST / HTTP/1.1" 200 10578
[26/Apr/2026 18:26:11] "GET /student-login/ HTTP/1.1" 200 10472
[26/Apr/2026 18:26:18] "POST /student-login/ HTTP/1.1" 302 0
[26/Apr/2026 18:26:19] "GET /student-home/ HTTP/1.1" 200 18040
[26/Apr/2026 18:26:25] "GET /student-home/ HTTP/1.1" 200 18040
[26/Apr/2026 18:26:27] "GET /notifications/ HTTP/1.1" 200 13356
[26/Apr/2026 18:26:31] "GET /events/ HTTP/1.1" 200 13146
[26/Apr/2026 18:26:37] "GET /posts/new/ HTTP/1.1" 200 10802
[26/Apr/2026 18:26:52] "GET /logout/ HTTP/1.1" 302 0
[26/Apr/2026 18:26:52] "GET /admin-login/ HTTP/1.1" 200 10473
[26/Apr/2026 18:26:55] "GET /student-login/ HTTP/1.1" 200 10472
[26/Apr/2026 18:26:59] "GET /student-signup/ HTTP/1.1" 200 11948
[26/Apr/2026 18:27:01] "GET /student-login/ HTTP/1.1" 200 10472
[26/Apr/2026 18:27:03] "GET /admin-login/ HTTP/1.1" 200 10473
[26/Apr/2026 18:27:12] "GET /student-login/ HTTP/1.1" 200 10472
[26/Apr/2026 18:27:16] "GET /student-signup/ HTTP/1.1" 200 11948
[26/Apr/2026 18:27:21] "GET /admin-login/ HTTP/1.1" 200 10473
[26/Apr/2026 18:27:23] "GET /admin-signup/ HTTP/1.1" 200 12298
[26/Apr/2026 18:27:43] "GET /student-login/ HTTP/1.1" 200 10472
[26/Apr/2026 18:42:48] "POST /student-login/ HTTP/1.1" 302 0
[26/Apr/2026 18:42:48] "GET /student-home/ HTTP/1.1" 200 18040
[26/Apr/2026 18:42:50] "GET /notifications/ HTTP/1.1" 200 13356
[26/Apr/2026 18:44:49] "GET /logout/ HTTP/1.1" 302 0
[26/Apr/2026 18:44:49] "GET /admin-login/ HTTP/1.1" 200 10473
[26/Apr/2026 18:44:51] "GET /admin-login/ HTTP/1.1" 200 10473
[26/Apr/2026 18:45:23] "POST /admin-login/ HTTP/1.1" 302 0
[26/Apr/2026 18:45:23] "GET /dashboard/ HTTP/1.1" 200 12166
[26/Apr/2026 18:45:32] "GET /events/new/ HTTP/1.1" 200 14274
[26/Apr/2026 21:23:36] "GET /logout/ HTTP/1.1" 302 0
[26/Apr/2026 21:23:36] "GET /admin-login/ HTTP/1.1" 200 10473
